Build started 1/22/2014 8:10:17 PM.
     1>Project "C:\Users\Uma Mobile\Dropbox\spring 2013\380\hw6\C++\Henon_New\Henon_New\Henon_New.vcxproj" on node 2 (build target(s)).
     1>InitializeBuildStatus:
         Creating "Release\Henon_New.unsuccessfulbuild" because "AlwaysCreate" was specified.
       ClCompile:
         All outputs are up-to-date.
         All outputs are up-to-date.
       Link:
         c:\Program Files (x86)\Microsoft Visual Studio 10.0\VC\bin\link.exe /ERRORREPORT:PROMPT /OUT:"C:\Users\Uma Mobile\Dropbox\spring 2013\380\hw6\C++\Henon_New\Release\Henon_New.exe" /INCREMENTAL:NO /NOLOGO kernel32.lib user32.lib gdi32.lib winspool.lib comdlg32.lib advapi32.lib shell32.lib ole32.lib oleaut32.lib uuid.lib odbc32.lib odbccp32.lib /MANIFEST /ManifestFile:"Release\Henon_New.exe.intermediate.manifest" /MANIFESTUAC:"level='asInvoker' uiAccess='false'" /DEBUG /PDB:"C:\Users\Uma Mobile\Dropbox\spring 2013\380\hw6\C++\Henon_New\Release\Henon_New.pdb" /SUBSYSTEM:CONSOLE /OPT:REF /OPT:ICF /LTCG /TLBID:1 /DYNAMICBASE /NXCOMPAT /IMPLIB:"C:\Users\Uma Mobile\Dropbox\spring 2013\380\hw6\C++\Henon_New\Release\Henon_New.lib" /MACHINE:X86 Release\Henon_New.obj
         Release\stdafx.obj
         Generating code
         Finished generating code
         Henon_New.vcxproj -> C:\Users\Uma Mobile\Dropbox\spring 2013\380\hw6\C++\Henon_New\Release\Henon_New.exe
       Manifest:
         c:\Program Files (x86)\Microsoft SDKs\Windows\v7.0A\bin\mt.exe /nologo /verbose /outputresource:"C:\Users\Uma Mobile\Dropbox\spring 2013\380\hw6\C++\Henon_New\Release\Henon_New.exe;#1" /manifest Release\Henon_New.exe.intermediate.manifest
       FinalizeBuildStatus:
         Deleting file "Release\Henon_New.unsuccessfulbuild".
         Touching "Release\Henon_New.lastbuildstate".
     1>Done Building Project "C:\Users\Uma Mobile\Dropbox\spring 2013\380\hw6\C++\Henon_New\Henon_New\Henon_New.vcxproj" (build target(s)).

Build succeeded.

Time Elapsed 00:00:01.28
